GAS LISTING /tmp/ccd5ereW.s 			page 1


   1              		.file	"syscall_c.c"
   2              		.option nopic
   3              		.option norelax
   4              		.text
   5              	.Ltext0:
   6              		.cfi_sections	.debug_frame
   7              		.globl	EOF
   8              		.section	.srodata,"a"
   9              		.align	2
  12              	EOF:
  13 0000 FFFFFFFF 		.word	-1
  14              		.text
  15              	.Letext0:
  16              		.file 1 "src/../h/../lib/hw.h"
  17              		.file 2 "src/../h/syscall_c.hpp"
GAS LISTING /tmp/ccd5ereW.s 			page 2


DEFINED SYMBOLS
                            *ABS*:0000000000000000 syscall_c.c
     /tmp/ccd5ereW.s:12     .srodata:0000000000000000 EOF
     /tmp/ccd5ereW.s:155    .debug_abbrev:0000000000000000 .Ldebug_abbrev0
     /tmp/ccd5ereW.s:353    .debug_str:000000000000013b .LASF17
     /tmp/ccd5ereW.s:325    .debug_str:0000000000000041 .LASF18
     /tmp/ccd5ereW.s:349    .debug_str:0000000000000108 .LASF19
     /tmp/ccd5ereW.s:313    .debug_line:0000000000000000 .Ldebug_line0
     /tmp/ccd5ereW.s:315    .debug_str:0000000000000000 .LASF0
     /tmp/ccd5ereW.s:343    .debug_str:00000000000000d6 .LASF1
     /tmp/ccd5ereW.s:335    .debug_str:0000000000000089 .LASF2
     /tmp/ccd5ereW.s:331    .debug_str:0000000000000076 .LASF4
     /tmp/ccd5ereW.s:327    .debug_str:0000000000000051 .LASF3
     /tmp/ccd5ereW.s:321    .debug_str:000000000000002a .LASF5
     /tmp/ccd5ereW.s:329    .debug_str:0000000000000063 .LASF6
     /tmp/ccd5ereW.s:341    .debug_str:00000000000000c3 .LASF7
     /tmp/ccd5ereW.s:351    .debug_str:000000000000012b .LASF8
     /tmp/ccd5ereW.s:317    .debug_str:000000000000000d .LASF9
     /tmp/ccd5ereW.s:319    .debug_str:000000000000001b .LASF10
     /tmp/ccd5ereW.s:347    .debug_str:00000000000000f9 .LASF11
     /tmp/ccd5ereW.s:323    .debug_str:0000000000000031 .LASF12
     /tmp/ccd5ereW.s:345    .debug_str:00000000000000e9 .LASF13
     /tmp/ccd5ereW.s:333    .debug_str:000000000000007d .LASF14
     /tmp/ccd5ereW.s:339    .debug_str:00000000000000ad .LASF15
     /tmp/ccd5ereW.s:337    .debug_str:0000000000000097 .LASF16
     /tmp/ccd5ereW.s:19     .debug_info:0000000000000000 .Ldebug_info0

NO UNDEFINED SYMBOLS
